<?xml version="1.0" encoding="UTF-8"?>
<!-- Generated by org.testng.reporters.JUnitXMLReporter -->
<testsuite hostname="Anatoly-Korzuns-MacBook-Pro.local" name="Test" tests="12" failures="0" timestamp="3 Aug 2012 11:39:58 GMT" time="217.945" errors="0">
  <testcase name="testStep1" time="16.338" classname="com.registration.tests.Step1"/>
  <testcase name="testStep1" time="13.03" classname="com.registration.tests.Step1"/>
  <testcase name="testStep1" time="28.533" classname="com.registration.tests.Step1"/>
  <testcase name="testStep1" time="37.466" classname="com.registration.tests.Step1"/>
  <testcase name="testStep1" time="30.717" classname="com.registration.tests.Step1"/>
  <testcase name="testStep1" time="17.594" classname="com.registration.tests.Step1"/>
  <testcase name="testStep1" time="10.429" classname="com.registration.tests.Step1"/>
  <testcase name="testStep1Find" time="8.616" classname="com.registration.tests.Step1"/>
  <testcase name="testStep1Find" time="8.87" classname="com.registration.tests.Step1"/>
  <testcase name="testStep1Find" time="8.195" classname="com.registration.tests.Step1"/>
  <testcase name="testStep2" time="18.255" classname="com.registration.tests.Step2"/>
  <testcase name="testStep2" time="15.337" classname="com.registration.tests.Step2"/>
</testsuite> <!-- Test -->
