<?xml version="1.0" encoding="UTF-8"?>
<!-- Generated by org.testng.reporters.JUnitXMLReporter -->
<testsuite hostname="Anatoly-Korzuns-MacBook-Pro.local" name="Test" tests="12" failures="12" timestamp="3 Aug 2012 11:40:07 GMT" time="4.862" errors="0">
  <testcase name="testStep1" time="0.409" classname="com.registration.tests.Step1">
    <failure type="com.thoughtworks.selenium.SeleniumException" message="ERROR Server Exception: sessionId should not be null; has this session been started yet?">
      <![CDATA[com.thoughtworks.selenium.SeleniumException: ERROR Server Exception: sessionId should not be null; has this session been started yet?
	at com.thoughtworks.selenium.HttpCommandProcessor.throwAssertionFailureExceptionOrError(HttpCommandProcessor.java:112)
	at com.thoughtworks.selenium.HttpCommandProcessor.doCommand(HttpCommandProcessor.java:106)
	at com.unitedinternet.portal.selenium.utils.logging.LoggingCommandProcessor.doCommand(LoggingCommandProcessor.java:141)
	at com.thoughtworks.selenium.DefaultSelenium.open(DefaultSelenium.java:369)
	at com.registration.tests.Step1.testStep1(Step1.java:13)
... Removed 24 stack frames]]>
    </failure>
  </testcase> <!-- testStep1 -->
  <testcase name="testStep1" time="0.413" classname="com.registration.tests.Step1">
    <failure type="com.thoughtworks.selenium.SeleniumException" message="ERROR Server Exception: sessionId should not be null; has this session been started yet?">
      <![CDATA[com.thoughtworks.selenium.SeleniumException: ERROR Server Exception: sessionId should not be null; has this session been started yet?
	at com.thoughtworks.selenium.HttpCommandProcessor.throwAssertionFailureExceptionOrError(HttpCommandProcessor.java:112)
	at com.thoughtworks.selenium.HttpCommandProcessor.doCommand(HttpCommandProcessor.java:106)
	at com.unitedinternet.portal.selenium.utils.logging.LoggingCommandProcessor.doCommand(LoggingCommandProcessor.java:141)
	at com.thoughtworks.selenium.DefaultSelenium.open(DefaultSelenium.java:369)
	at com.registration.tests.Step1.testStep1(Step1.java:13)
... Removed 24 stack frames]]>
    </failure>
  </testcase> <!-- testStep1 -->
  <testcase name="testStep1" time="0.41" classname="com.registration.tests.Step1">
    <failure type="com.thoughtworks.selenium.SeleniumException" message="ERROR Server Exception: sessionId should not be null; has this session been started yet?">
      <![CDATA[com.thoughtworks.selenium.SeleniumException: ERROR Server Exception: sessionId should not be null; has this session been started yet?
	at com.thoughtworks.selenium.HttpCommandProcessor.throwAssertionFailureExceptionOrError(HttpCommandProcessor.java:112)
	at com.thoughtworks.selenium.HttpCommandProcessor.doCommand(HttpCommandProcessor.java:106)
	at com.unitedinternet.portal.selenium.utils.logging.LoggingCommandProcessor.doCommand(LoggingCommandProcessor.java:141)
	at com.thoughtworks.selenium.DefaultSelenium.open(DefaultSelenium.java:369)
	at com.registration.tests.Step1.testStep1(Step1.java:13)
... Removed 23 stack frames]]>
    </failure>
  </testcase> <!-- testStep1 -->
  <testcase name="testStep1" time="0.401" classname="com.registration.tests.Step1">
    <failure type="com.thoughtworks.selenium.SeleniumException" message="ERROR Server Exception: sessionId should not be null; has this session been started yet?">
      <![CDATA[com.thoughtworks.selenium.SeleniumException: ERROR Server Exception: sessionId should not be null; has this session been started yet?
	at com.thoughtworks.selenium.HttpCommandProcessor.throwAssertionFailureExceptionOrError(HttpCommandProcessor.java:112)
	at com.thoughtworks.selenium.HttpCommandProcessor.doCommand(HttpCommandProcessor.java:106)
	at com.unitedinternet.portal.selenium.utils.logging.LoggingCommandProcessor.doCommand(LoggingCommandProcessor.java:141)
	at com.thoughtworks.selenium.DefaultSelenium.open(DefaultSelenium.java:369)
	at com.registration.tests.Step1.testStep1(Step1.java:13)
... Removed 23 stack frames]]>
    </failure>
  </testcase> <!-- testStep1 -->
  <testcase name="testStep1" time="0.403" classname="com.registration.tests.Step1">
    <failure type="com.thoughtworks.selenium.SeleniumException" message="ERROR Server Exception: sessionId should not be null; has this session been started yet?">
      <![CDATA[com.thoughtworks.selenium.SeleniumException: ERROR Server Exception: sessionId should not be null; has this session been started yet?
	at com.thoughtworks.selenium.HttpCommandProcessor.throwAssertionFailureExceptionOrError(HttpCommandProcessor.java:112)
	at com.thoughtworks.selenium.HttpCommandProcessor.doCommand(HttpCommandProcessor.java:106)
	at com.unitedinternet.portal.selenium.utils.logging.LoggingCommandProcessor.doCommand(LoggingCommandProcessor.java:141)
	at com.thoughtworks.selenium.DefaultSelenium.open(DefaultSelenium.java:369)
	at com.registration.tests.Step1.testStep1(Step1.java:13)
... Removed 23 stack frames]]>
    </failure>
  </testcase> <!-- testStep1 -->
  <testcase name="testStep1" time="0.404" classname="com.registration.tests.Step1">
    <failure type="com.thoughtworks.selenium.SeleniumException" message="ERROR Server Exception: sessionId should not be null; has this session been started yet?">
      <![CDATA[com.thoughtworks.selenium.SeleniumException: ERROR Server Exception: sessionId should not be null; has this session been started yet?
	at com.thoughtworks.selenium.HttpCommandProcessor.throwAssertionFailureExceptionOrError(HttpCommandProcessor.java:112)
	at com.thoughtworks.selenium.HttpCommandProcessor.doCommand(HttpCommandProcessor.java:106)
	at com.unitedinternet.portal.selenium.utils.logging.LoggingCommandProcessor.doCommand(LoggingCommandProcessor.java:141)
	at com.thoughtworks.selenium.DefaultSelenium.open(DefaultSelenium.java:369)
	at com.registration.tests.Step1.testStep1(Step1.java:13)
... Removed 23 stack frames]]>
    </failure>
  </testcase> <!-- testStep1 -->
  <testcase name="testStep1" time="0.399" classname="com.registration.tests.Step1">
    <failure type="com.thoughtworks.selenium.SeleniumException" message="ERROR Server Exception: sessionId should not be null; has this session been started yet?">
      <![CDATA[com.thoughtworks.selenium.SeleniumException: ERROR Server Exception: sessionId should not be null; has this session been started yet?
	at com.thoughtworks.selenium.HttpCommandProcessor.throwAssertionFailureExceptionOrError(HttpCommandProcessor.java:112)
	at com.thoughtworks.selenium.HttpCommandProcessor.doCommand(HttpCommandProcessor.java:106)
	at com.unitedinternet.portal.selenium.utils.logging.LoggingCommandProcessor.doCommand(LoggingCommandProcessor.java:141)
	at com.thoughtworks.selenium.DefaultSelenium.open(DefaultSelenium.java:369)
	at com.registration.tests.Step1.testStep1(Step1.java:13)
... Removed 23 stack frames]]>
    </failure>
  </testcase> <!-- testStep1 -->
  <testcase name="testStep1Find" time="0.399" classname="com.registration.tests.Step1">
    <failure type="com.thoughtworks.selenium.SeleniumException" message="ERROR Server Exception: sessionId should not be null; has this session been started yet?">
      <![CDATA[com.thoughtworks.selenium.SeleniumException: ERROR Server Exception: sessionId should not be null; has this session been started yet?
	at com.thoughtworks.selenium.HttpCommandProcessor.throwAssertionFailureExceptionOrError(HttpCommandProcessor.java:112)
	at com.thoughtworks.selenium.HttpCommandProcessor.doCommand(HttpCommandProcessor.java:106)
	at com.thoughtworks.selenium.HttpCommandProcessor.getString(HttpCommandProcessor.java:275)
	at com.thoughtworks.selenium.HttpCommandProcessor.getBoolean(HttpCommandProcessor.java:348)
	at com.unitedinternet.portal.selenium.utils.logging.LoggingCommandProcessor.getBoolean(LoggingCommandProcessor.java:168)
	at com.thoughtworks.selenium.DefaultSelenium.isAlertPresent(DefaultSelenium.java:431)
	at com.registration.tests.Step1.testStep1Find(Step1.java:38)
... Removed 24 stack frames]]>
    </failure>
  </testcase> <!-- testStep1Find -->
  <testcase name="testStep1Find" time="0.401" classname="com.registration.tests.Step1">
    <failure type="com.thoughtworks.selenium.SeleniumException" message="ERROR Server Exception: sessionId should not be null; has this session been started yet?">
      <![CDATA[com.thoughtworks.selenium.SeleniumException: ERROR Server Exception: sessionId should not be null; has this session been started yet?
	at com.thoughtworks.selenium.HttpCommandProcessor.throwAssertionFailureExceptionOrError(HttpCommandProcessor.java:112)
	at com.thoughtworks.selenium.HttpCommandProcessor.doCommand(HttpCommandProcessor.java:106)
	at com.thoughtworks.selenium.HttpCommandProcessor.getString(HttpCommandProcessor.java:275)
	at com.thoughtworks.selenium.HttpCommandProcessor.getBoolean(HttpCommandProcessor.java:348)
	at com.unitedinternet.portal.selenium.utils.logging.LoggingCommandProcessor.getBoolean(LoggingCommandProcessor.java:168)
	at com.thoughtworks.selenium.DefaultSelenium.isAlertPresent(DefaultSelenium.java:431)
	at com.registration.tests.Step1.testStep1Find(Step1.java:38)
... Removed 24 stack frames]]>
    </failure>
  </testcase> <!-- testStep1Find -->
  <testcase name="testStep1Find" time="0.402" classname="com.registration.tests.Step1">
    <failure type="com.thoughtworks.selenium.SeleniumException" message="ERROR Server Exception: sessionId should not be null; has this session been started yet?">
      <![CDATA[com.thoughtworks.selenium.SeleniumException: ERROR Server Exception: sessionId should not be null; has this session been started yet?
	at com.thoughtworks.selenium.HttpCommandProcessor.throwAssertionFailureExceptionOrError(HttpCommandProcessor.java:112)
	at com.thoughtworks.selenium.HttpCommandProcessor.doCommand(HttpCommandProcessor.java:106)
	at com.thoughtworks.selenium.HttpCommandProcessor.getString(HttpCommandProcessor.java:275)
	at com.thoughtworks.selenium.HttpCommandProcessor.getBoolean(HttpCommandProcessor.java:348)
	at com.unitedinternet.portal.selenium.utils.logging.LoggingCommandProcessor.getBoolean(LoggingCommandProcessor.java:168)
	at com.thoughtworks.selenium.DefaultSelenium.isAlertPresent(DefaultSelenium.java:431)
	at com.registration.tests.Step1.testStep1Find(Step1.java:38)
... Removed 24 stack frames]]>
    </failure>
  </testcase> <!-- testStep1Find -->
  <testcase name="testStep2" time="0.405" classname="com.registration.tests.Step2">
    <failure type="com.thoughtworks.selenium.SeleniumException" message="ERROR Server Exception: sessionId should not be null; has this session been started yet?">
      <![CDATA[com.thoughtworks.selenium.SeleniumException: ERROR Server Exception: sessionId should not be null; has this session been started yet?
	at com.thoughtworks.selenium.HttpCommandProcessor.throwAssertionFailureExceptionOrError(HttpCommandProcessor.java:112)
	at com.thoughtworks.selenium.HttpCommandProcessor.doCommand(HttpCommandProcessor.java:106)
	at com.unitedinternet.portal.selenium.utils.logging.LoggingCommandProcessor.doCommand(LoggingCommandProcessor.java:141)
	at com.thoughtworks.selenium.DefaultSelenium.open(DefaultSelenium.java:369)
	at com.registration.tests.Step2.testStep2(Step2.java:13)
... Removed 24 stack frames]]>
    </failure>
  </testcase> <!-- testStep2 -->
  <testcase name="testStep2" time="0.403" classname="com.registration.tests.Step2">
    <failure type="com.thoughtworks.selenium.SeleniumException" message="ERROR Server Exception: sessionId should not be null; has this session been started yet?">
      <![CDATA[com.thoughtworks.selenium.SeleniumException: ERROR Server Exception: sessionId should not be null; has this session been started yet?
	at com.thoughtworks.selenium.HttpCommandProcessor.throwAssertionFailureExceptionOrError(HttpCommandProcessor.java:112)
	at com.thoughtworks.selenium.HttpCommandProcessor.doCommand(HttpCommandProcessor.java:106)
	at com.unitedinternet.portal.selenium.utils.logging.LoggingCommandProcessor.doCommand(LoggingCommandProcessor.java:141)
	at com.thoughtworks.selenium.DefaultSelenium.open(DefaultSelenium.java:369)
	at com.registration.tests.Step2.testStep2(Step2.java:13)
... Removed 24 stack frames]]>
    </failure>
  </testcase> <!-- testStep2 -->
</testsuite> <!-- Test -->
