<?xml version="1.0" encoding="UTF-8"?>
<!-- Generated by org.testng.reporters.JUnitXMLReporter -->
<testsuite hostname="Anatoly-Korzuns-MacBook-Pro.local" name="Test" tests="3" failures="0" timestamp="24 Jul 2012 09:06:32 GMT" time="12.111" errors="0">
  <testcase name="testAddNewGroup" time="3.45" classname="com.registration.tests.Feedback"/>
  <testcase name="testAddNewGroup" time="4.69" classname="com.registration.tests.Feedback"/>
  <testcase name="testAddNewGroup" time="3.969" classname="com.registration.tests.Feedback"/>
</testsuite> <!-- Test -->
